[debug] [2023-08-09T13:04:58.427Z] ----------------------------------------------------------------------
[debug] [2023-08-09T13:04:58.434Z] Command:       C:\Program Files\nodejs\node.exe C:\Program Files\nodejs\node_modules\firebase-tools\lib\bin\firebase.js init
[debug] [2023-08-09T13:04:58.436Z] CLI Version:   12.4.6
[debug] [2023-08-09T13:04:58.437Z] Platform:      win32
[debug] [2023-08-09T13:04:58.437Z] Node Version:  v18.16.0
[debug] [2023-08-09T13:04:58.450Z] Time:          Wed Aug 09 2023 18:34:58 GMT+0530 (India Standard Time)
[debug] [2023-08-09T13:04:58.451Z] ----------------------------------------------------------------------
[debug] 
[debug] [2023-08-09T13:04:58.538Z] >>> [apiv2][query] GET https://firebase-public.firebaseio.com/cli.json [none]
[debug] [2023-08-09T13:04:59.080Z] > command requires scopes: ["email","openid","https://www.googleapis.com/auth/cloudplatformprojects.readonly","https://www.googleapis.com/auth/firebase","https://www.googleapis.com/auth/cloud-platform"]
[debug] [2023-08-09T13:04:59.081Z] > authorizing via signed-in user (dsrajeshraj431@gmail.com)
[info] 
     ######## #### ########  ######## ########     ###     ######  ########
     ##        ##  ##     ## ##       ##     ##  ##   ##  ##       ##
     ######    ##  ########  ######   ########  #########  ######  ######
     ##        ##  ##    ##  ##       ##     ## ##     ##       ## ##
     ##       #### ##     ## ######## ########  ##     ##  ######  ########

You're about to initialize a Firebase project in this directory:

  D:\Learn\Stack_Up\React_1\kanban-app

Before we get started, keep in mind:

  * You are initializing within an existing Firebase project directory

[debug] [2023-08-09T13:05:00.033Z] <<< [apiv2][status] GET https://firebase-public.firebaseio.com/cli.json 200
[debug] [2023-08-09T13:05:00.035Z] <<< [apiv2][body] GET https://firebase-public.firebaseio.com/cli.json {"cloudBuildErrorAfter":1594252800000,"cloudBuildWarnAfter":1590019200000,"defaultNode10After":1594252800000,"minVersion":"3.0.5","node8DeploysDisabledAfter":1613390400000,"node8RuntimeDisabledAfter":1615809600000,"node8WarnAfter":1600128000000}
